0 info it worked if it ends with ok
1 verbose cli [ 'E:\\Program Files\\nodejs\\\\node.exe',
1 verbose cli   'E:\\Program Files\\nodejs\\node_modules\\npm\\bin\\npm-cli.js',
1 verbose cli   '--',
1 verbose cli   'version',
1 verbose cli   'socket.io' ]
2 info using npm@1.4.28
3 info using node@v0.10.33
4 verbose node symlink E:\Program Files\nodejs\\node.exe
5 error version No package.json found
6 error Error: ENOENT, open 'E:\Projects\InteractiveLeagueMap\package.json'
7 error If you need help, you may report this *entire* log,
7 error including the npm and node versions, at:
7 error     <http://github.com/npm/npm/issues>
8 error System Windows_NT 6.1.7601
9 error command "E:\\Program Files\\nodejs\\\\node.exe" "E:\\Program Files\\nodejs\\node_modules\\npm\\bin\\npm-cli.js" "--" "version" "socket.io"
10 error cwd E:\Projects\InteractiveLeagueMap
11 error node -v v0.10.33
12 error npm -v 1.4.28
13 error path E:\Projects\InteractiveLeagueMap\package.json
14 error code ENOENT
15 error errno 34
16 verbose exit [ 34, true ]
